<?xml version="1.0" encoding="UTF-8"?>
<!-- Generated by org.testng.reporters.JUnitXMLReporter -->
<testsuite hostname="Aihaitis-MacBook-Pro.local" ignored="0" name="Default test" tests="3" failures="0" timestamp="16 Mar 2019 14:33:54 GMT" time="14.946" errors="0">
  <testcase name="gmailRegistrationTest" time="0.882" classname="com.datadriven.tests.gmailTest"/>
  <testcase name="gmailRegistrationTest" time="0.918" classname="com.datadriven.tests.gmailTest"/>
  <testcase name="gmailRegistrationTest" time="0.907" classname="com.datadriven.tests.gmailTest"/>
</testsuite> <!-- Default test -->
