<?xml version="1.0" encoding="UTF-8"?>
<testng-results skipped="0" failed="0" ignored="0" total="3" passed="3">
  <reporter-output>
  </reporter-output>
  <suite name="Default suite" duration-ms="14946" started-at="2019-03-16T14:33:39Z" finished-at="2019-03-16T14:33:54Z">
    <groups>
    </groups>
    <test name="Default test" duration-ms="14946" started-at="2019-03-16T14:33:39Z" finished-at="2019-03-16T14:33:54Z">
      <class name="com.datadriven.tests.gmailTest">
        <test-method status="PASS" signature="setUp()[pri:0, instance:com.datadriven.tests.gmailTest@28d25987]" name="setUp" is-config="true" duration-ms="5530" started-at="2019-03-16T10:33:40Z" finished-at="2019-03-16T10:33:45Z">
          <reporter-output>
          </reporter-output>
        </test-method> <!-- setUp -->
        <test-method status="PASS" signature="gmailRegistrationTest(java.lang.String, java.lang.String, java.lang.String, java.lang.String, java.lang.String)[pri:0, instance:com.datadriven.tests.gmailTest@28d25987]" name="gmailRegistrationTest" duration-ms="882" started-at="2019-03-16T10:33:45Z" data-provider="getTestData" finished-at="2019-03-16T10:33:46Z">
          <params>
            <param index="0">
              <value>
                <![CDATA[Sami]]>
              </value>
            </param>
            <param index="1">
              <value>
                <![CDATA[Sam]]>
              </value>
            </param>
            <param index="2">
              <value>
                <![CDATA[ssam]]>
              </value>
            </param>
            <param index="3">
              <value>
                <![CDATA[1234.0]]>
              </value>
            </param>
            <param index="4">
              <value>
                <![CDATA[123.0]]>
              </value>
            </param>
          </params>
          <reporter-output>
          </reporter-output>
        </test-method> <!-- gmailRegistrationTest -->
        <test-method status="PASS" signature="tearDown()[pri:0, instance:com.datadriven.tests.gmailTest@28d25987]" name="tearDown" is-config="true" duration-ms="148" started-at="2019-03-16T10:33:46Z" finished-at="2019-03-16T10:33:46Z">
          <reporter-output>
          </reporter-output>
        </test-method> <!-- tearDown -->
        <test-method status="PASS" signature="setUp()[pri:0, instance:com.datadriven.tests.gmailTest@28d25987]" name="setUp" is-config="true" duration-ms="2895" started-at="2019-03-16T10:33:46Z" finished-at="2019-03-16T10:33:49Z">
          <reporter-output>
          </reporter-output>
        </test-method> <!-- setUp -->
        <test-method status="PASS" signature="gmailRegistrationTest(java.lang.String, java.lang.String, java.lang.String, java.lang.String, java.lang.String)[pri:0, instance:com.datadriven.tests.gmailTest@28d25987]" name="gmailRegistrationTest" duration-ms="918" started-at="2019-03-16T10:33:49Z" data-provider="getTestData" finished-at="2019-03-16T10:33:50Z">
          <params>
            <param index="0">
              <value>
                <![CDATA[Tom]]>
              </value>
            </param>
            <param index="1">
              <value>
                <![CDATA[Tommy]]>
              </value>
            </param>
            <param index="2">
              <value>
                <![CDATA[ttomm]]>
              </value>
            </param>
            <param index="3">
              <value>
                <![CDATA[2345.0]]>
              </value>
            </param>
            <param index="4">
              <value>
                <![CDATA[234.0]]>
              </value>
            </param>
          </params>
          <reporter-output>
          </reporter-output>
        </test-method> <!-- gmailRegistrationTest -->
        <test-method status="PASS" signature="tearDown()[pri:0, instance:com.datadriven.tests.gmailTest@28d25987]" name="tearDown" is-config="true" duration-ms="98" started-at="2019-03-16T10:33:50Z" finished-at="2019-03-16T10:33:50Z">
          <reporter-output>
          </reporter-output>
        </test-method> <!-- tearDown -->
        <test-method status="PASS" signature="setUp()[pri:0, instance:com.datadriven.tests.gmailTest@28d25987]" name="setUp" is-config="true" duration-ms="2716" started-at="2019-03-16T10:33:50Z" finished-at="2019-03-16T10:33:53Z">
          <reporter-output>
          </reporter-output>
        </test-method> <!-- setUp -->
        <test-method status="PASS" signature="gmailRegistrationTest(java.lang.String, java.lang.String, java.lang.String, java.lang.String, java.lang.String)[pri:0, instance:com.datadriven.tests.gmailTest@28d25987]" name="gmailRegistrationTest" duration-ms="907" started-at="2019-03-16T10:33:53Z" data-provider="getTestData" finished-at="2019-03-16T10:33:54Z">
          <params>
            <param index="0">
              <value>
                <![CDATA[Jim]]>
              </value>
            </param>
            <param index="1">
              <value>
                <![CDATA[Jimmy]]>
              </value>
            </param>
            <param index="2">
              <value>
                <![CDATA[jimmm]]>
              </value>
            </param>
            <param index="3">
              <value>
                <![CDATA[3456.0]]>
              </value>
            </param>
            <param index="4">
              <value>
                <![CDATA[543.0]]>
              </value>
            </param>
          </params>
          <reporter-output>
          </reporter-output>
        </test-method> <!-- gmailRegistrationTest -->
        <test-method status="PASS" signature="tearDown()[pri:0, instance:com.datadriven.tests.gmailTest@28d25987]" name="tearDown" is-config="true" duration-ms="91" started-at="2019-03-16T10:33:54Z" finished-at="2019-03-16T10:33:54Z">
          <reporter-output>
          </reporter-output>
        </test-method> <!-- tearDown -->
      </class> <!-- com.datadriven.tests.gmailTest -->
    </test> <!-- Default test -->
  </suite> <!-- Default suite -->
</testng-results>
