<?xml version="1.0" encoding="UTF-8"?>
<testng-results skipped="0" failed="0" ignored="0" total="2" passed="2">
  <reporter-output>
    <line>
      <![CDATA[Setting up reports and Test is getting ready]]>
    </line>
    <line>
      <![CDATA[Setting Done- Test can be started ]]>
    </line>
    <line>
      <![CDATA[Trying to start Browser and application getting ready ]]>
    </line>
    <line>
      <![CDATA[Browser and application is up and running ]]>
    </line>
    <line>
      <![CDATA[Test is about to end ]]>
    </line>
    <line>
      <![CDATA[Test Completed >>> Reports generated]]>
    </line>
    <line>
      <![CDATA[Test is about to end ]]>
    </line>
    <line>
      <![CDATA[Test Completed >>> Reports generated]]>
    </line>
  </reporter-output>
  <suite name="Suite" duration-ms="8529" started-at="2019-02-12T21:07:30Z" finished-at="2019-02-12T21:07:38Z">
    <groups>
    </groups>
    <test name="Test" duration-ms="8529" started-at="2019-02-12T21:07:30Z" finished-at="2019-02-12T21:07:38Z">
      <class name="com.learnautomation.testcases.LoginTestCRM">
        <test-method status="PASS" signature="setUpSuite()[pri:0, instance:com.learnautomation.testcases.LoginTestCRM@d8355a8]" name="setUpSuite" is-config="true" duration-ms="733" started-at="2019-02-12T16:07:29Z" finished-at="2019-02-12T16:07:30Z">
          <reporter-output>
            <line>
              <![CDATA[Setting up reports and Test is getting ready]]>
            </line>
            <line>
              <![CDATA[Setting Done- Test can be started ]]>
            </line>
          </reporter-output>
        </test-method> <!-- setUpSuite -->
        <test-method status="PASS" signature="setup()[pri:0, instance:com.learnautomation.testcases.LoginTestCRM@d8355a8]" name="setup" is-config="true" duration-ms="4555" started-at="2019-02-12T16:07:30Z" finished-at="2019-02-12T16:07:34Z">
          <reporter-output>
            <line>
              <![CDATA[Trying to start Browser and application getting ready ]]>
            </line>
            <line>
              <![CDATA[Browser and application is up and running ]]>
            </line>
          </reporter-output>
        </test-method> <!-- setup -->
        <test-method status="PASS" signature="loginApp()[pri:1, instance:com.learnautomation.testcases.LoginTestCRM@d8355a8]" name="loginApp" duration-ms="2549" started-at="2019-02-12T16:07:34Z" finished-at="2019-02-12T16:07:37Z">
          <reporter-output>
          </reporter-output>
        </test-method> <!-- loginApp -->
        <test-method status="PASS" signature="tearDownMethod(org.testng.ITestResult)[pri:0, instance:com.learnautomation.testcases.LoginTestCRM@d8355a8]" name="tearDownMethod" is-config="true" duration-ms="876" started-at="2019-02-12T16:07:37Z" finished-at="2019-02-12T16:07:38Z">
          <params>
            <param index="0">
              <value>
                <![CDATA[[TestResult name=loginApp status=SUCCESS method=LoginTestCRM.loginApp()[pri:1, instance:com.learnautomation.testcases.LoginTestCRM@d8355a8] output={null}]]]>
              </value>
            </param>
          </params>
          <reporter-output>
            <line>
              <![CDATA[Test is about to end ]]>
            </line>
            <line>
              <![CDATA[Test Completed >>> Reports generated]]>
            </line>
          </reporter-output>
        </test-method> <!-- tearDownMethod -->
        <test-method status="PASS" signature="loginApp1()[pri:2, instance:com.learnautomation.testcases.LoginTestCRM@d8355a8]" name="loginApp1" duration-ms="3" started-at="2019-02-12T16:07:38Z" finished-at="2019-02-12T16:07:38Z">
          <reporter-output>
          </reporter-output>
        </test-method> <!-- loginApp1 -->
        <test-method status="PASS" signature="tearDownMethod(org.testng.ITestResult)[pri:0, instance:com.learnautomation.testcases.LoginTestCRM@d8355a8]" name="tearDownMethod" is-config="true" duration-ms="430" started-at="2019-02-12T16:07:38Z" finished-at="2019-02-12T16:07:38Z">
          <params>
            <param index="0">
              <value>
                <![CDATA[[TestResult name=loginApp1 status=SUCCESS method=LoginTestCRM.loginApp1()[pri:2, instance:com.learnautomation.testcases.LoginTestCRM@d8355a8] output={null}]]]>
              </value>
            </param>
          </params>
          <reporter-output>
            <line>
              <![CDATA[Test is about to end ]]>
            </line>
            <line>
              <![CDATA[Test Completed >>> Reports generated]]>
            </line>
          </reporter-output>
        </test-method> <!-- tearDownMethod -->
        <test-method status="PASS" signature="teardown()[pri:0, instance:com.learnautomation.testcases.LoginTestCRM@d8355a8]" name="teardown" is-config="true" duration-ms="93" started-at="2019-02-12T16:07:38Z" finished-at="2019-02-12T16:07:38Z">
          <reporter-output>
          </reporter-output>
        </test-method> <!-- teardown -->
      </class> <!-- com.learnautomation.testcases.LoginTestCRM -->
    </test> <!-- Test -->
  </suite> <!-- Suite -->
</testng-results>
